mode: set
github.com/esanmiguelc/go-ttt-core/web/controllers/maincontroller.go:15.88,21.31 6 1
github.com/esanmiguelc/go-ttt-core/web/controllers/maincontroller.go:25.2,26.38 2 1
github.com/esanmiguelc/go-ttt-core/web/controllers/maincontroller.go:21.31,24.3 2 1
github.com/esanmiguelc/go-ttt-core/web/controllers/maincontroller.go:26.38,28.3 1 1
github.com/esanmiguelc/go-ttt-core/web/controllers/maincontroller.go:28.3,30.3 1 1
github.com/esanmiguelc/go-ttt-core/web/controllers/maincontroller.go:33.89,35.2 1 1
github.com/esanmiguelc/go-ttt-core/web/controllers/maincontroller.go:37.91,40.2 2 1
github.com/esanmiguelc/go-ttt-core/web/controllers/maincontroller.go:42.77,45.2 2 1
