mode: set
github.com/esanmiguelc/go-ttt-core/core/board.go:7.31,9.2 1 1
github.com/esanmiguelc/go-ttt-core/core/board.go:11.32,12.36 1 1
github.com/esanmiguelc/go-ttt-core/core/board.go:17.2,17.13 1 1
github.com/esanmiguelc/go-ttt-core/core/board.go:12.36,13.18 1 1
github.com/esanmiguelc/go-ttt-core/core/board.go:13.18,15.4 1 1
github.com/esanmiguelc/go-ttt-core/core/board.go:20.39,22.2 1 1
github.com/esanmiguelc/go-ttt-core/core/board.go:24.57,26.2 1 1
github.com/esanmiguelc/go-ttt-core/core/gametick.go:13.96,28.2 5 1
github.com/esanmiguelc/go-ttt-core/core/gametick.go:30.51,31.35 1 1
github.com/esanmiguelc/go-ttt-core/core/gametick.go:31.35,33.3 1 1
github.com/esanmiguelc/go-ttt-core/core/gametick.go:36.82,37.49 1 1
github.com/esanmiguelc/go-ttt-core/core/gametick.go:50.2,50.20 1 1
github.com/esanmiguelc/go-ttt-core/core/gametick.go:37.49,38.29 1 1
github.com/esanmiguelc/go-ttt-core/core/gametick.go:38.29,42.4 3 1
github.com/esanmiguelc/go-ttt-core/core/gametick.go:43.3,44.29 1 1
github.com/esanmiguelc/go-ttt-core/core/gametick.go:44.29,48.4 3 1
github.com/esanmiguelc/go-ttt-core/core/gametick.go:53.50,55.2 1 1
github.com/esanmiguelc/go-ttt-core/core/gametick.go:57.51,59.2 1 1
github.com/esanmiguelc/go-ttt-core/core/gametick.go:61.51,62.30 1 1
github.com/esanmiguelc/go-ttt-core/core/gametick.go:62.30,64.3 1 1
github.com/esanmiguelc/go-ttt-core/core/gametick.go:64.3,66.3 1 1
github.com/esanmiguelc/go-ttt-core/core/humanplayer.go:7.76,9.2 1 1
github.com/esanmiguelc/go-ttt-core/core/humanplayer.go:11.43,13.2 1 1
github.com/esanmiguelc/go-ttt-core/core/humanplayer.go:15.45,17.2 1 1
github.com/esanmiguelc/go-ttt-core/core/humanplayer.go:19.46,21.2 1 1
github.com/esanmiguelc/go-ttt-core/core/impossiblecomputer.go:17.49,19.2 1 1
github.com/esanmiguelc/go-ttt-core/core/impossiblecomputer.go:21.82,24.2 2 1
github.com/esanmiguelc/go-ttt-core/core/impossiblecomputer.go:25.54,26.29 1 1
github.com/esanmiguelc/go-ttt-core/core/impossiblecomputer.go:26.29,28.3 1 1
github.com/esanmiguelc/go-ttt-core/core/impossiblecomputer.go:28.3,28.38 1 1
github.com/esanmiguelc/go-ttt-core/core/impossiblecomputer.go:28.38,30.3 1 1
github.com/esanmiguelc/go-ttt-core/core/impossiblecomputer.go:30.3,32.3 1 1
github.com/esanmiguelc/go-ttt-core/core/impossiblecomputer.go:35.50,37.2 1 1
github.com/esanmiguelc/go-ttt-core/core/impossiblecomputer.go:39.80,40.23 1 1
github.com/esanmiguelc/go-ttt-core/core/impossiblecomputer.go:43.2,45.49 2 1
github.com/esanmiguelc/go-ttt-core/core/impossiblecomputer.go:67.2,67.37 1 1
github.com/esanmiguelc/go-ttt-core/core/impossiblecomputer.go:71.2,72.17 2 1
github.com/esanmiguelc/go-ttt-core/core/impossiblecomputer.go:40.23,42.3 1 1
github.com/esanmiguelc/go-ttt-core/core/impossiblecomputer.go:45.49,52.37 5 1
github.com/esanmiguelc/go-ttt-core/core/impossiblecomputer.go:62.3,62.27 1 1
github.com/esanmiguelc/go-ttt-core/core/impossiblecomputer.go:52.37,54.29 2 1
github.com/esanmiguelc/go-ttt-core/core/impossiblecomputer.go:54.29,56.5 1 1
github.com/esanmiguelc/go-ttt-core/core/impossiblecomputer.go:57.4,58.29 1 1
github.com/esanmiguelc/go-ttt-core/core/impossiblecomputer.go:58.29,60.5 1 1
github.com/esanmiguelc/go-ttt-core/core/impossiblecomputer.go:62.27,63.9 1 1
github.com/esanmiguelc/go-ttt-core/core/impossiblecomputer.go:67.37,69.3 1 1
github.com/esanmiguelc/go-ttt-core/core/impossiblecomputer.go:75.34,77.27 2 1
github.com/esanmiguelc/go-ttt-core/core/impossiblecomputer.go:86.2,86.15 1 1
github.com/esanmiguelc/go-ttt-core/core/impossiblecomputer.go:77.27,78.17 1 1
github.com/esanmiguelc/go-ttt-core/core/impossiblecomputer.go:78.17,80.4 1 1
github.com/esanmiguelc/go-ttt-core/core/impossiblecomputer.go:80.4,81.41 1 1
github.com/esanmiguelc/go-ttt-core/core/impossiblecomputer.go:81.41,83.5 1 1
github.com/esanmiguelc/go-ttt-core/core/rules.go:12.41,14.38 2 1
github.com/esanmiguelc/go-ttt-core/core/rules.go:14.38,16.3 1 1
github.com/esanmiguelc/go-ttt-core/core/rules.go:16.3,18.3 1 1
github.com/esanmiguelc/go-ttt-core/core/rules.go:21.50,22.24 1 1
github.com/esanmiguelc/go-ttt-core/core/rules.go:25.2,25.21 1 1
github.com/esanmiguelc/go-ttt-core/core/rules.go:22.24,24.3 1 1
github.com/esanmiguelc/go-ttt-core/core/rules.go:28.72,30.49 2 1
github.com/esanmiguelc/go-ttt-core/core/rules.go:35.2,35.22 1 1
github.com/esanmiguelc/go-ttt-core/core/rules.go:30.49,32.3 1 1
github.com/esanmiguelc/go-ttt-core/core/rules.go:32.3,34.3 1 1
github.com/esanmiguelc/go-ttt-core/core/rules.go:38.53,40.2 1 1
github.com/esanmiguelc/go-ttt-core/core/rules.go:42.40,44.40 2 1
github.com/esanmiguelc/go-ttt-core/core/rules.go:49.2,49.15 1 1
github.com/esanmiguelc/go-ttt-core/core/rules.go:44.40,45.18 1 1
github.com/esanmiguelc/go-ttt-core/core/rules.go:45.18,47.4 1 1
github.com/esanmiguelc/go-ttt-core/core/rules.go:52.46,54.2 1 1
github.com/esanmiguelc/go-ttt-core/core/rules.go:56.35,58.2 1 1
github.com/esanmiguelc/go-ttt-core/core/rules.go:60.50,63.2 2 1
github.com/esanmiguelc/go-ttt-core/core/rules.go:65.52,68.2 2 1
github.com/esanmiguelc/go-ttt-core/core/rules.go:70.47,73.2 2 1
github.com/esanmiguelc/go-ttt-core/core/rules.go:75.32,76.29 1 1
github.com/esanmiguelc/go-ttt-core/core/rules.go:81.2,81.13 1 1
github.com/esanmiguelc/go-ttt-core/core/rules.go:76.29,77.20 1 1
github.com/esanmiguelc/go-ttt-core/core/rules.go:77.20,79.4 1 1
github.com/esanmiguelc/go-ttt-core/core/rules.go:84.80,85.40 1 1
github.com/esanmiguelc/go-ttt-core/core/rules.go:94.2,94.14 1 1
github.com/esanmiguelc/go-ttt-core/core/rules.go:85.40,87.38 2 1
github.com/esanmiguelc/go-ttt-core/core/rules.go:90.3,90.22 1 1
github.com/esanmiguelc/go-ttt-core/core/rules.go:87.38,89.4 1 1
github.com/esanmiguelc/go-ttt-core/core/rules.go:90.22,92.4 1 1
github.com/esanmiguelc/go-ttt-core/core/rules.go:97.39,99.2 1 1
github.com/esanmiguelc/go-ttt-core/core/rules.go:101.60,104.48 3 1
github.com/esanmiguelc/go-ttt-core/core/rules.go:110.2,110.35 1 1
github.com/esanmiguelc/go-ttt-core/core/rules.go:104.48,106.55 2 1
github.com/esanmiguelc/go-ttt-core/core/rules.go:106.55,108.4 1 1
github.com/esanmiguelc/go-ttt-core/core/rules.go:113.62,116.50 3 1
github.com/esanmiguelc/go-ttt-core/core/rules.go:119.2,119.54 1 1
github.com/esanmiguelc/go-ttt-core/core/rules.go:123.2,123.37 1 1
github.com/esanmiguelc/go-ttt-core/core/rules.go:116.50,118.3 1 1
github.com/esanmiguelc/go-ttt-core/core/rules.go:119.54,122.3 2 1
github.com/esanmiguelc/go-ttt-core/core/rules.go:126.57,130.39 4 1
github.com/esanmiguelc/go-ttt-core/core/rules.go:137.2,137.32 1 1
github.com/esanmiguelc/go-ttt-core/core/rules.go:130.39,132.51 2 1
github.com/esanmiguelc/go-ttt-core/core/rules.go:132.51,135.4 2 1
github.com/esanmiguelc/go-ttt-core/core/test_helper.go:3.34,5.2 1 1
github.com/esanmiguelc/go-ttt-core/core/test_helper.go:7.69,8.37 1 1
github.com/esanmiguelc/go-ttt-core/core/test_helper.go:8.37,10.3 1 1
